<?xml version="1.0" encoding="UTF-8"?>
<!-- Generated by org.testng.reporters.JUnitXMLReporter -->
<testsuite hostname="LAPTOP-B4TOOHQF" ignored="0" name="firefox" tests="4" failures="0" timestamp="19 Jan 2019 11:38:11 GMT" time="51.347" errors="0">
  <testcase name="openurl" time="15.289" classname="generic.Base"/>
  <testcase name="testvalidlogin" time="14.543" classname="scripts.Validlogin"/>
  <testcase name="openurl" time="16.776" classname="generic.Base"/>
  <testcase name="testvalidlogin" time="4.735" classname="scripts.InvalidLogin"/>
</testsuite> <!-- firefox -->
