<?xml version="1.0" encoding="UTF-8"?>
<!-- Generated by org.testng.reporters.JUnitXMLReporter -->
<testsuite hostname="LAPTOP-B4TOOHQF" ignored="0" name="gecko" tests="4" failures="0" timestamp="19 Jan 2019 11:37:19 GMT" time="31.452" errors="0">
  <testcase name="openurl" time="10.572" classname="generic.Base"/>
  <testcase name="testvalidlogin" time="11.143" classname="scripts.Validlogin"/>
  <testcase name="openurl" time="7.08" classname="generic.Base"/>
  <testcase name="testvalidlogin" time="2.588" classname="scripts.InvalidLogin"/>
</testsuite> <!-- gecko -->
