<?xml version="1.0" encoding="UTF-8"?>
<!-- Generated by org.testng.reporters.JUnitXMLReporter -->
<testsuite hostname="LAPTOP-B4TOOHQF" ignored="0" name="Test" tests="4" failures="0" timestamp="19 Jan 2019 16:59:44 GMT" time="92.493" errors="0">
  <testcase name="openurl" time="56.625" classname="generic.Base"/>
  <testcase name="testvalidlogin" time="16.574" classname="scripts.Validlogin"/>
  <testcase name="openurl" time="13.895" classname="generic.Base"/>
  <testcase name="testvalidlogin" time="5.322" classname="scripts.InvalidLogin"/>
</testsuite> <!-- Test -->
