<?xml version="1.0" encoding="UTF-8"?>
<testng-results skipped="0" failed="0" ignored="0" total="4" passed="4">
  <reporter-output>
    <line>
      <![CDATA[Pass: Emailid is populated]]>
    </line>
    <line>
      <![CDATA[Pass: Error message is displayed]]>
    </line>
  </reporter-output>
  <suite name="Suite" duration-ms="92493" started-at="2019-01-19T16:58:11Z" finished-at="2019-01-19T16:59:44Z">
    <groups>
    </groups>
    <test name="Test" duration-ms="92493" started-at="2019-01-19T16:58:11Z" finished-at="2019-01-19T16:59:44Z">
      <class name="scripts.InvalidLogin">
        <test-method status="PASS" signature="openurl(java.lang.String)[pri:0, instance:scripts.InvalidLogin@17d677df]" name="openurl" duration-ms="13895" started-at="2019-01-19T16:59:24Z" finished-at="2019-01-19T16:59:38Z">
          <params>
            <param index="0">
              <value>
                <![CDATA[Firefox]]>
              </value>
            </param>
          </params>
          <reporter-output>
          </reporter-output>
        </test-method> <!-- openurl -->
        <test-method status="PASS" signature="testvalidlogin()[pri:0, instance:scripts.InvalidLogin@17d677df]" name="testvalidlogin" duration-ms="5322" started-at="2019-01-19T16:59:38Z" finished-at="2019-01-19T16:59:44Z">
          <reporter-output>
            <line>
              <![CDATA[Pass: Error message is displayed]]>
            </line>
          </reporter-output>
        </test-method> <!-- testvalidlogin -->
      </class> <!-- scripts.InvalidLogin -->
      <class name="scripts.Validlogin">
        <test-method status="PASS" signature="openurl(java.lang.String)[pri:0, instance:scripts.Validlogin@52feb982]" name="openurl" duration-ms="56625" started-at="2019-01-19T16:58:11Z" finished-at="2019-01-19T16:59:08Z">
          <params>
            <param index="0">
              <value>
                <![CDATA[Firefox]]>
              </value>
            </param>
          </params>
          <reporter-output>
          </reporter-output>
        </test-method> <!-- openurl -->
        <test-method status="PASS" signature="testvalidlogin()[pri:0, instance:scripts.Validlogin@52feb982]" name="testvalidlogin" duration-ms="16574" started-at="2019-01-19T16:59:08Z" finished-at="2019-01-19T16:59:24Z">
          <reporter-output>
            <line>
              <![CDATA[Pass: Emailid is populated]]>
            </line>
          </reporter-output>
        </test-method> <!-- testvalidlogin -->
      </class> <!-- scripts.Validlogin -->
    </test> <!-- Test -->
  </suite> <!-- Suite -->
</testng-results>
